@!@!@STARTMSG 2262:0 @!@!@
TLC2 Version 2.16 of 31 December 2020 (rev: cdddf55)
@!@!@ENDMSG 2262 @!@!@
@!@!@STARTMSG 2187:0 @!@!@
Running breadth-first search Model-Checking with fp 127 and seed -8371946655280817130 with 6 workers on 12 cores with 1209MB heap and 2717MB offheap memory [pid: 25380] (Windows 10 10.0 amd64, AdoptOpenJDK 14.0.1 x86_64, OffHeapDiskFPSet, DiskStateQueue).
@!@!@ENDMSG 2187 @!@!@
@!@!@STARTMSG 2220:0 @!@!@
Starting SANY...
@!@!@ENDMSG 2220 @!@!@
Parsing file C:\Users\lucas\Projects\ConsistentSnapshot\FIFOChannel.toolbox\Model_1\MC.tla
Parsing file C:\Users\lucas\Projects\ConsistentSnapshot\FIFOChannel.toolbox\Model_1\FIFOChannel.tla
Parsing file C:\Users\lucas\Desktop\toolbox\plugins\org.lamport.tlatools_1.0.0.202012311918\tla2sany\StandardModules\TLC.tla
Parsing file C:\Users\lucas\Desktop\toolbox\plugins\org.lamport.tlatools_1.0.0.202012311918\tla2sany\StandardModules\Integers.tla
Parsing file C:\Users\lucas\Desktop\toolbox\plugins\org.lamport.tlatools_1.0.0.202012311918\tla2sany\StandardModules\Sequences.tla
Parsing file C:\Users\lucas\Desktop\toolbox\plugins\org.lamport.tlatools_1.0.0.202012311918\tla2sany\StandardModules\Naturals.tla
Parsing file C:\Users\lucas\Desktop\toolbox\plugins\org.lamport.tlatools_1.0.0.202012311918\tla2sany\StandardModules\FiniteSets.tla
Semantic processing of module Naturals
Semantic processing of module Integers
Semantic processing of module Sequences
Semantic processing of module FiniteSets
Semantic processing of module TLC
Semantic processing of module FIFOChannel
Semantic processing of module MC
@!@!@STARTMSG 2219:0 @!@!@
SANY finished.
@!@!@ENDMSG 2219 @!@!@
@!@!@STARTMSG 2185:0 @!@!@
Starting... (2023-11-10 00:51:25)
@!@!@ENDMSG 2185 @!@!@
@!@!@STARTMSG 2189:0 @!@!@
Computing initial states...
@!@!@ENDMSG 2189 @!@!@
@!@!@STARTMSG 2190:0 @!@!@
Finished computing initial states: 1 distinct state generated at 2023-11-10 00:51:25.
@!@!@ENDMSG 2190 @!@!@
@!@!@STARTMSG 2114:1 @!@!@
Deadlock reached.
@!@!@ENDMSG 2114 @!@!@
@!@!@STARTMSG 2121:1 @!@!@
The behavior up to this point is:
@!@!@ENDMSG 2121 @!@!@
@!@!@STARTMSG 2217:4 @!@!@
1: <Initial predicate>
/\ state = (0 :> 0 @@ 1 :> 0)
/\ channel = (0 :> <<>> @@ 1 :> <<>>)

@!@!@ENDMSG 2217 @!@!@
@!@!@STARTMSG 2217:4 @!@!@
2: <Next line 29, col 5 to line 33, col 19 of module FIFOChannel>
/\ state = (0 :> 0 @@ 1 :> 0)
/\ channel = (0 :> <<1>> @@ 1 :> <<>>)

@!@!@ENDMSG 2217 @!@!@
@!@!@STARTMSG 2217:4 @!@!@
3: <Next line 29, col 5 to line 33, col 19 of module FIFOChannel>
/\ state = (0 :> 1 @@ 1 :> 0)
/\ channel = (0 :> <<>> @@ 1 :> <<>>)

@!@!@ENDMSG 2217 @!@!@
@!@!@STARTMSG 2217:4 @!@!@
4: <Next line 29, col 5 to line 33, col 19 of module FIFOChannel>
/\ state = (0 :> 1 @@ 1 :> 0)
/\ channel = (0 :> <<1>> @@ 1 :> <<>>)

@!@!@ENDMSG 2217 @!@!@
@!@!@STARTMSG 2217:4 @!@!@
5: <Next line 29, col 5 to line 33, col 19 of module FIFOChannel>
/\ state = (0 :> 2 @@ 1 :> 0)
/\ channel = (0 :> <<>> @@ 1 :> <<>>)

@!@!@ENDMSG 2217 @!@!@
@!@!@STARTMSG 2217:4 @!@!@
6: <Next line 29, col 5 to line 33, col 19 of module FIFOChannel>
/\ state = (0 :> 2 @@ 1 :> 0)
/\ channel = (0 :> <<>> @@ 1 :> <<1>>)

@!@!@ENDMSG 2217 @!@!@
@!@!@STARTMSG 2217:4 @!@!@
7: <Next line 29, col 5 to line 33, col 19 of module FIFOChannel>
/\ state = (0 :> 2 @@ 1 :> 0)
/\ channel = (0 :> <<1>> @@ 1 :> <<1>>)

@!@!@ENDMSG 2217 @!@!@
@!@!@STARTMSG 2217:4 @!@!@
8: <Next line 29, col 5 to line 33, col 19 of module FIFOChannel>
/\ state = (0 :> 3 @@ 1 :> 0)
/\ channel = (0 :> <<>> @@ 1 :> <<1>>)

@!@!@ENDMSG 2217 @!@!@
@!@!@STARTMSG 2217:4 @!@!@
9: <Next line 29, col 5 to line 33, col 19 of module FIFOChannel>
/\ state = (0 :> 3 @@ 1 :> 0)
/\ channel = (0 :> <<1>> @@ 1 :> <<1>>)

@!@!@ENDMSG 2217 @!@!@
@!@!@STARTMSG 2217:4 @!@!@
10: <Next line 29, col 5 to line 33, col 19 of module FIFOChannel>
/\ state = (0 :> 4 @@ 1 :> 0)
/\ channel = (0 :> <<>> @@ 1 :> <<1>>)

@!@!@ENDMSG 2217 @!@!@
@!@!@STARTMSG 2217:4 @!@!@
11: <Next line 29, col 5 to line 33, col 19 of module FIFOChannel>
/\ state = (0 :> 4 @@ 1 :> 0)
/\ channel = (0 :> <<1>> @@ 1 :> <<1>>)

@!@!@ENDMSG 2217 @!@!@
@!@!@STARTMSG 2217:4 @!@!@
12: <Next line 29, col 5 to line 33, col 19 of module FIFOChannel>
/\ state = (0 :> 5 @@ 1 :> 0)
/\ channel = (0 :> <<>> @@ 1 :> <<1>>)

@!@!@ENDMSG 2217 @!@!@
@!@!@STARTMSG 2217:4 @!@!@
13: <Next line 29, col 5 to line 33, col 19 of module FIFOChannel>
/\ state = (0 :> 5 @@ 1 :> 0)
/\ channel = (0 :> <<1>> @@ 1 :> <<1>>)

@!@!@ENDMSG 2217 @!@!@
@!@!@STARTMSG 2217:4 @!@!@
14: <Next line 29, col 5 to line 33, col 19 of module FIFOChannel>
/\ state = (0 :> 6 @@ 1 :> 0)
/\ channel = (0 :> <<>> @@ 1 :> <<1>>)

@!@!@ENDMSG 2217 @!@!@
@!@!@STARTMSG 2217:4 @!@!@
15: <Next line 29, col 5 to line 33, col 19 of module FIFOChannel>
/\ state = (0 :> 6 @@ 1 :> 0)
/\ channel = (0 :> <<1>> @@ 1 :> <<1>>)

@!@!@ENDMSG 2217 @!@!@
@!@!@STARTMSG 2217:4 @!@!@
16: <Next line 29, col 5 to line 33, col 19 of module FIFOChannel>
/\ state = (0 :> 7 @@ 1 :> 0)
/\ channel = (0 :> <<>> @@ 1 :> <<1>>)

@!@!@ENDMSG 2217 @!@!@
@!@!@STARTMSG 2217:4 @!@!@
17: <Next line 29, col 5 to line 33, col 19 of module FIFOChannel>
/\ state = (0 :> 7 @@ 1 :> 0)
/\ channel = (0 :> <<1>> @@ 1 :> <<1>>)

@!@!@ENDMSG 2217 @!@!@
@!@!@STARTMSG 2217:4 @!@!@
18: <Next line 29, col 5 to line 33, col 19 of module FIFOChannel>
/\ state = (0 :> 8 @@ 1 :> 0)
/\ channel = (0 :> <<>> @@ 1 :> <<1>>)

@!@!@ENDMSG 2217 @!@!@
@!@!@STARTMSG 2217:4 @!@!@
19: <Next line 29, col 5 to line 33, col 19 of module FIFOChannel>
/\ state = (0 :> 8 @@ 1 :> 0)
/\ channel = (0 :> <<1>> @@ 1 :> <<1>>)

@!@!@ENDMSG 2217 @!@!@
@!@!@STARTMSG 2217:4 @!@!@
20: <Next line 29, col 5 to line 33, col 19 of module FIFOChannel>
/\ state = (0 :> 9 @@ 1 :> 0)
/\ channel = (0 :> <<>> @@ 1 :> <<1>>)

@!@!@ENDMSG 2217 @!@!@
@!@!@STARTMSG 2217:4 @!@!@
21: <Next line 29, col 5 to line 33, col 19 of module FIFOChannel>
/\ state = (0 :> 9 @@ 1 :> 0)
/\ channel = (0 :> <<1>> @@ 1 :> <<1>>)

@!@!@ENDMSG 2217 @!@!@
@!@!@STARTMSG 2217:4 @!@!@
22: <Next line 29, col 5 to line 33, col 19 of module FIFOChannel>
/\ state = (0 :> 10 @@ 1 :> 0)
/\ channel = (0 :> <<>> @@ 1 :> <<1>>)

@!@!@ENDMSG 2217 @!@!@
@!@!@STARTMSG 2217:4 @!@!@
23: <Next line 29, col 5 to line 33, col 19 of module FIFOChannel>
/\ state = (0 :> 10 @@ 1 :> 1)
/\ channel = (0 :> <<>> @@ 1 :> <<>>)

@!@!@ENDMSG 2217 @!@!@
@!@!@STARTMSG 2217:4 @!@!@
24: <Next line 29, col 5 to line 33, col 19 of module FIFOChannel>
/\ state = (0 :> 10 @@ 1 :> 1)
/\ channel = (0 :> <<>> @@ 1 :> <<1>>)

@!@!@ENDMSG 2217 @!@!@
@!@!@STARTMSG 2217:4 @!@!@
25: <Next line 29, col 5 to line 33, col 19 of module FIFOChannel>
/\ state = (0 :> 10 @@ 1 :> 2)
/\ channel = (0 :> <<>> @@ 1 :> <<>>)

@!@!@ENDMSG 2217 @!@!@
@!@!@STARTMSG 2217:4 @!@!@
26: <Next line 29, col 5 to line 33, col 19 of module FIFOChannel>
/\ state = (0 :> 10 @@ 1 :> 2)
/\ channel = (0 :> <<>> @@ 1 :> <<1>>)

@!@!@ENDMSG 2217 @!@!@
@!@!@STARTMSG 2217:4 @!@!@
27: <Next line 29, col 5 to line 33, col 19 of module FIFOChannel>
/\ state = (0 :> 10 @@ 1 :> 3)
/\ channel = (0 :> <<>> @@ 1 :> <<>>)

@!@!@ENDMSG 2217 @!@!@
@!@!@STARTMSG 2217:4 @!@!@
28: <Next line 29, col 5 to line 33, col 19 of module FIFOChannel>
/\ state = (0 :> 10 @@ 1 :> 3)
/\ channel = (0 :> <<>> @@ 1 :> <<1>>)

@!@!@ENDMSG 2217 @!@!@
@!@!@STARTMSG 2217:4 @!@!@
29: <Next line 29, col 5 to line 33, col 19 of module FIFOChannel>
/\ state = (0 :> 10 @@ 1 :> 4)
/\ channel = (0 :> <<>> @@ 1 :> <<>>)

@!@!@ENDMSG 2217 @!@!@
@!@!@STARTMSG 2217:4 @!@!@
30: <Next line 29, col 5 to line 33, col 19 of module FIFOChannel>
/\ state = (0 :> 10 @@ 1 :> 4)
/\ channel = (0 :> <<>> @@ 1 :> <<1>>)

@!@!@ENDMSG 2217 @!@!@
@!@!@STARTMSG 2217:4 @!@!@
31: <Next line 29, col 5 to line 33, col 19 of module FIFOChannel>
/\ state = (0 :> 10 @@ 1 :> 5)
/\ channel = (0 :> <<>> @@ 1 :> <<>>)

@!@!@ENDMSG 2217 @!@!@
@!@!@STARTMSG 2217:4 @!@!@
32: <Next line 29, col 5 to line 33, col 19 of module FIFOChannel>
/\ state = (0 :> 10 @@ 1 :> 5)
/\ channel = (0 :> <<>> @@ 1 :> <<1>>)

@!@!@ENDMSG 2217 @!@!@
@!@!@STARTMSG 2217:4 @!@!@
33: <Next line 29, col 5 to line 33, col 19 of module FIFOChannel>
/\ state = (0 :> 10 @@ 1 :> 6)
/\ channel = (0 :> <<>> @@ 1 :> <<>>)

@!@!@ENDMSG 2217 @!@!@
@!@!@STARTMSG 2217:4 @!@!@
34: <Next line 29, col 5 to line 33, col 19 of module FIFOChannel>
/\ state = (0 :> 10 @@ 1 :> 6)
/\ channel = (0 :> <<>> @@ 1 :> <<1>>)

@!@!@ENDMSG 2217 @!@!@
@!@!@STARTMSG 2217:4 @!@!@
35: <Next line 29, col 5 to line 33, col 19 of module FIFOChannel>
/\ state = (0 :> 10 @@ 1 :> 7)
/\ channel = (0 :> <<>> @@ 1 :> <<>>)

@!@!@ENDMSG 2217 @!@!@
@!@!@STARTMSG 2217:4 @!@!@
36: <Next line 29, col 5 to line 33, col 19 of module FIFOChannel>
/\ state = (0 :> 10 @@ 1 :> 7)
/\ channel = (0 :> <<>> @@ 1 :> <<1>>)

@!@!@ENDMSG 2217 @!@!@
@!@!@STARTMSG 2217:4 @!@!@
37: <Next line 29, col 5 to line 33, col 19 of module FIFOChannel>
/\ state = (0 :> 10 @@ 1 :> 8)
/\ channel = (0 :> <<>> @@ 1 :> <<>>)

@!@!@ENDMSG 2217 @!@!@
@!@!@STARTMSG 2217:4 @!@!@
38: <Next line 29, col 5 to line 33, col 19 of module FIFOChannel>
/\ state = (0 :> 10 @@ 1 :> 8)
/\ channel = (0 :> <<>> @@ 1 :> <<1>>)

@!@!@ENDMSG 2217 @!@!@
@!@!@STARTMSG 2217:4 @!@!@
39: <Next line 29, col 5 to line 33, col 19 of module FIFOChannel>
/\ state = (0 :> 10 @@ 1 :> 9)
/\ channel = (0 :> <<>> @@ 1 :> <<>>)

@!@!@ENDMSG 2217 @!@!@
@!@!@STARTMSG 2217:4 @!@!@
40: <Next line 29, col 5 to line 33, col 19 of module FIFOChannel>
/\ state = (0 :> 10 @@ 1 :> 9)
/\ channel = (0 :> <<>> @@ 1 :> <<1>>)

@!@!@ENDMSG 2217 @!@!@
@!@!@STARTMSG 2217:4 @!@!@
41: <Next line 29, col 5 to line 33, col 19 of module FIFOChannel>
/\ state = (0 :> 10 @@ 1 :> 10)
/\ channel = (0 :> <<>> @@ 1 :> <<>>)

@!@!@ENDMSG 2217 @!@!@
@!@!@STARTMSG 2201:0 @!@!@
The coverage statistics at 2023-11-10 00:51:25
@!@!@ENDMSG 2201 @!@!@
@!@!@STARTMSG 2773:0 @!@!@
<Init line 12, col 1 to line 12, col 4 of module FIFOChannel>: 2:2
@!@!@ENDMSG 2773 @!@!@
@!@!@STARTMSG 2221:0 @!@!@
  line 13, col 5 to line 14, col 43 of module FIFOChannel: 2
@!@!@ENDMSG 2221 @!@!@
@!@!@STARTMSG 2772:0 @!@!@
<Next line 28, col 1 to line 28, col 4 of module FIFOChannel (29 5 33 19)>: 440:881
@!@!@ENDMSG 2772 @!@!@
@!@!@STARTMSG 2221:0 @!@!@
  line 29, col 8 to line 29, col 24 of module FIFOChannel: 942
@!@!@ENDMSG 2221 @!@!@
@!@!@STARTMSG 2221:0 @!@!@
  line 23, col 8 to line 23, col 24 of module FIFOChannel: 880
@!@!@ENDMSG 2221 @!@!@
@!@!@STARTMSG 2221:0 @!@!@
  |line 23, col 8 to line 23, col 17 of module FIFOChannel: 440
@!@!@ENDMSG 2221 @!@!@
@!@!@STARTMSG 2221:0 @!@!@
  |line 23, col 21 to line 23, col 24 of module FIFOChannel: 440
@!@!@ENDMSG 2221 @!@!@
@!@!@STARTMSG 2221:0 @!@!@
  line 24, col 8 to line 24, col 67 of module FIFOChannel: 440
@!@!@ENDMSG 2221 @!@!@
@!@!@STARTMSG 2221:0 @!@!@
  line 25, col 8 to line 25, col 58 of module FIFOChannel: 440
@!@!@ENDMSG 2221 @!@!@
@!@!@STARTMSG 2221:0 @!@!@
  line 30, col 22 to line 30, col 22 of module FIFOChannel: 440
@!@!@ENDMSG 2221 @!@!@
@!@!@STARTMSG 2221:0 @!@!@
  line 31, col 13 to line 31, col 25 of module FIFOChannel: 502
@!@!@ENDMSG 2221 @!@!@
@!@!@STARTMSG 2221:0 @!@!@
  line 18, col 8 to line 18, col 63 of module FIFOChannel: 441
@!@!@ENDMSG 2221 @!@!@
@!@!@STARTMSG 2221:0 @!@!@
  line 19, col 8 to line 19, col 26 of module FIFOChannel: 441
@!@!@ENDMSG 2221 @!@!@
@!@!@STARTMSG 2221:0 @!@!@
  line 32, col 20 to line 32, col 20 of module FIFOChannel: 441
@!@!@ENDMSG 2221 @!@!@
@!@!@STARTMSG 2202:0 @!@!@
End of statistics.
@!@!@ENDMSG 2202 @!@!@
@!@!@STARTMSG 2200:0 @!@!@
Progress(41) at 2023-11-10 00:51:25: 841 states generated (69.408 s/min), 441 distinct states found (36.396 ds/min), 0 states left on queue.
@!@!@ENDMSG 2200 @!@!@
@!@!@STARTMSG 2199:0 @!@!@
841 states generated, 441 distinct states found, 0 states left on queue.
@!@!@ENDMSG 2199 @!@!@
@!@!@STARTMSG 2194:0 @!@!@
The depth of the complete state graph search is 41.
@!@!@ENDMSG 2194 @!@!@
@!@!@STARTMSG 2268:0 @!@!@
The average outdegree of the complete state graph is 1 (minimum is 0, the maximum 2 and the 95th percentile is 2).
@!@!@ENDMSG 2268 @!@!@
@!@!@STARTMSG 2186:0 @!@!@
Finished in 731ms at (2023-11-10 00:51:25)
@!@!@ENDMSG 2186 @!@!@
