@!@!@STARTMSG 2262:0 @!@!@
TLC2 Version 2.16 of 31 December 2020 (rev: cdddf55)
@!@!@ENDMSG 2262 @!@!@
@!@!@STARTMSG 2187:0 @!@!@
Running breadth-first search Model-Checking with fp 3 and seed 2786547959670317155 with 6 workers on 12 cores with 1209MB heap and 2717MB offheap memory [pid: 20240] (Windows 10 10.0 amd64, AdoptOpenJDK 14.0.1 x86_64, OffHeapDiskFPSet, DiskStateQueue).
@!@!@ENDMSG 2187 @!@!@
@!@!@STARTMSG 2220:0 @!@!@
Starting SANY...
@!@!@ENDMSG 2220 @!@!@
Parsing file C:\Users\lucas\Projects\ConsistentSnapshot\FIFOChannel.toolbox\Model_1\MC.tla
Parsing file C:\Users\lucas\Projects\ConsistentSnapshot\FIFOChannel.toolbox\Model_1\FIFOChannel.tla
Parsing file C:\Users\lucas\Desktop\toolbox\plugins\org.lamport.tlatools_1.0.0.202012311918\tla2sany\StandardModules\TLC.tla
Parsing file C:\Users\lucas\Desktop\toolbox\plugins\org.lamport.tlatools_1.0.0.202012311918\tla2sany\StandardModules\Integers.tla
Parsing file C:\Users\lucas\Desktop\toolbox\plugins\org.lamport.tlatools_1.0.0.202012311918\tla2sany\StandardModules\Sequences.tla
Parsing file C:\Users\lucas\Desktop\toolbox\plugins\org.lamport.tlatools_1.0.0.202012311918\tla2sany\StandardModules\Naturals.tla
Parsing file C:\Users\lucas\Desktop\toolbox\plugins\org.lamport.tlatools_1.0.0.202012311918\tla2sany\StandardModules\FiniteSets.tla
Semantic processing of module Naturals
Semantic processing of module Integers
Semantic processing of module Sequences
Semantic processing of module FiniteSets
Semantic processing of module TLC
Semantic processing of module FIFOChannel
Semantic processing of module MC
@!@!@STARTMSG 2219:0 @!@!@
SANY finished.
@!@!@ENDMSG 2219 @!@!@
@!@!@STARTMSG 2185:0 @!@!@
Starting... (2023-11-09 22:46:40)
@!@!@ENDMSG 2185 @!@!@
@!@!@STARTMSG 2189:0 @!@!@
Computing initial states...
@!@!@ENDMSG 2189 @!@!@
@!@!@STARTMSG 2190:0 @!@!@
Finished computing initial states: 1 distinct state generated at 2023-11-09 22:46:41.
@!@!@ENDMSG 2190 @!@!@
@!@!@STARTMSG 2114:1 @!@!@
Deadlock reached.
@!@!@ENDMSG 2114 @!@!@
@!@!@STARTMSG 2121:1 @!@!@
The behavior up to this point is:
@!@!@ENDMSG 2121 @!@!@
@!@!@STARTMSG 2217:4 @!@!@
1: <Initial predicate>
/\ state = 0
/\ channel = <<>>

@!@!@ENDMSG 2217 @!@!@
@!@!@STARTMSG 2217:4 @!@!@
2: <Next line 28, col 5 to line 30, col 17 of module FIFOChannel>
/\ state = 0
/\ channel = <<1>>

@!@!@ENDMSG 2217 @!@!@
@!@!@STARTMSG 2217:4 @!@!@
3: <Next line 28, col 5 to line 30, col 17 of module FIFOChannel>
/\ state = 0
/\ channel = <<1, 1>>

@!@!@ENDMSG 2217 @!@!@
@!@!@STARTMSG 2217:4 @!@!@
4: <Next line 28, col 5 to line 30, col 17 of module FIFOChannel>
/\ state = 0
/\ channel = <<1, 1, 1>>

@!@!@ENDMSG 2217 @!@!@
@!@!@STARTMSG 2217:4 @!@!@
5: <Next line 28, col 5 to line 30, col 17 of module FIFOChannel>
/\ state = 0
/\ channel = <<1, 1, 1, 1>>

@!@!@ENDMSG 2217 @!@!@
@!@!@STARTMSG 2217:4 @!@!@
6: <Next line 28, col 5 to line 30, col 17 of module FIFOChannel>
/\ state = 0
/\ channel = <<1, 1, 1, 1, 1>>

@!@!@ENDMSG 2217 @!@!@
@!@!@STARTMSG 2217:4 @!@!@
7: <Next line 28, col 5 to line 30, col 17 of module FIFOChannel>
/\ state = 0
/\ channel = <<1, 1, 1, 1, 1, 1>>

@!@!@ENDMSG 2217 @!@!@
@!@!@STARTMSG 2217:4 @!@!@
8: <Next line 28, col 5 to line 30, col 17 of module FIFOChannel>
/\ state = 0
/\ channel = <<1, 1, 1, 1, 1, 1, 1>>

@!@!@ENDMSG 2217 @!@!@
@!@!@STARTMSG 2217:4 @!@!@
9: <Next line 28, col 5 to line 30, col 17 of module FIFOChannel>
/\ state = 1
/\ channel = <<1, 1, 1, 1, 1, 1>>

@!@!@ENDMSG 2217 @!@!@
@!@!@STARTMSG 2217:4 @!@!@
10: <Next line 28, col 5 to line 30, col 17 of module FIFOChannel>
/\ state = 2
/\ channel = <<1, 1, 1, 1, 1>>

@!@!@ENDMSG 2217 @!@!@
@!@!@STARTMSG 2217:4 @!@!@
11: <Next line 28, col 5 to line 30, col 17 of module FIFOChannel>
/\ state = 2
/\ channel = <<1, 1, 1, 1, 1, 1>>

@!@!@ENDMSG 2217 @!@!@
@!@!@STARTMSG 2217:4 @!@!@
12: <Next line 28, col 5 to line 30, col 17 of module FIFOChannel>
/\ state = 2
/\ channel = <<1, 1, 1, 1, 1, 1, 1>>

@!@!@ENDMSG 2217 @!@!@
@!@!@STARTMSG 2217:4 @!@!@
13: <Next line 28, col 5 to line 30, col 17 of module FIFOChannel>
/\ state = 3
/\ channel = <<1, 1, 1, 1, 1, 1>>

@!@!@ENDMSG 2217 @!@!@
@!@!@STARTMSG 2217:4 @!@!@
14: <Next line 28, col 5 to line 30, col 17 of module FIFOChannel>
/\ state = 3
/\ channel = <<1, 1, 1, 1, 1, 1, 1>>

@!@!@ENDMSG 2217 @!@!@
@!@!@STARTMSG 2217:4 @!@!@
15: <Next line 28, col 5 to line 30, col 17 of module FIFOChannel>
/\ state = 4
/\ channel = <<1, 1, 1, 1, 1, 1>>

@!@!@ENDMSG 2217 @!@!@
@!@!@STARTMSG 2217:4 @!@!@
16: <Next line 28, col 5 to line 30, col 17 of module FIFOChannel>
/\ state = 5
/\ channel = <<1, 1, 1, 1, 1>>

@!@!@ENDMSG 2217 @!@!@
@!@!@STARTMSG 2217:4 @!@!@
17: <Next line 28, col 5 to line 30, col 17 of module FIFOChannel>
/\ state = 5
/\ channel = <<1, 1, 1, 1, 1, 1>>

@!@!@ENDMSG 2217 @!@!@
@!@!@STARTMSG 2217:4 @!@!@
18: <Next line 28, col 5 to line 30, col 17 of module FIFOChannel>
/\ state = 6
/\ channel = <<1, 1, 1, 1, 1>>

@!@!@ENDMSG 2217 @!@!@
@!@!@STARTMSG 2217:4 @!@!@
19: <Next line 28, col 5 to line 30, col 17 of module FIFOChannel>
/\ state = 7
/\ channel = <<1, 1, 1, 1>>

@!@!@ENDMSG 2217 @!@!@
@!@!@STARTMSG 2217:4 @!@!@
20: <Next line 28, col 5 to line 30, col 17 of module FIFOChannel>
/\ state = 8
/\ channel = <<1, 1, 1>>

@!@!@ENDMSG 2217 @!@!@
@!@!@STARTMSG 2217:4 @!@!@
21: <Next line 28, col 5 to line 30, col 17 of module FIFOChannel>
/\ state = 9
/\ channel = <<1, 1>>

@!@!@ENDMSG 2217 @!@!@
@!@!@STARTMSG 2217:4 @!@!@
22: <Next line 28, col 5 to line 30, col 17 of module FIFOChannel>
/\ state = 10
/\ channel = <<1>>

@!@!@ENDMSG 2217 @!@!@
@!@!@STARTMSG 2217:4 @!@!@
23: <Next line 28, col 5 to line 30, col 17 of module FIFOChannel>
/\ state = 11
/\ channel = <<>>

@!@!@ENDMSG 2217 @!@!@
@!@!@STARTMSG 2201:0 @!@!@
The coverage statistics at 2023-11-09 22:46:41
@!@!@ENDMSG 2201 @!@!@
@!@!@STARTMSG 2773:0 @!@!@
<Init line 10, col 1 to line 10, col 4 of module FIFOChannel>: 2:2
@!@!@ENDMSG 2773 @!@!@
@!@!@STARTMSG 2221:0 @!@!@
  line 11, col 5 to line 12, col 21 of module FIFOChannel: 2
@!@!@ENDMSG 2221 @!@!@
@!@!@STARTMSG 2772:0 @!@!@
<Next line 27, col 1 to line 27, col 4 of module FIFOChannel>: 218:642
@!@!@ENDMSG 2772 @!@!@
@!@!@STARTMSG 2221:0 @!@!@
  line 28, col 8 to line 28, col 18 of module FIFOChannel: 222
@!@!@ENDMSG 2221 @!@!@
@!@!@STARTMSG 2221:0 @!@!@
  |line 28, col 8 to line 28, col 12 of module FIFOChannel: 228
@!@!@ENDMSG 2221 @!@!@
@!@!@STARTMSG 2221:0 @!@!@
  line 16, col 8 to line 16, col 36 of module FIFOChannel: 222
@!@!@ENDMSG 2221 @!@!@
@!@!@STARTMSG 2221:0 @!@!@
  line 17, col 8 to line 17, col 26 of module FIFOChannel: 222
@!@!@ENDMSG 2221 @!@!@
@!@!@STARTMSG 2221:0 @!@!@
  line 21, col 8 to line 21, col 21 of module FIFOChannel: 432
@!@!@ENDMSG 2221 @!@!@
@!@!@STARTMSG 2221:0 @!@!@
  |line 21, col 8 to line 21, col 14 of module FIFOChannel: 222
@!@!@ENDMSG 2221 @!@!@
@!@!@STARTMSG 2221:0 @!@!@
  |line 21, col 18 to line 21, col 21 of module FIFOChannel: 222
@!@!@ENDMSG 2221 @!@!@
@!@!@STARTMSG 2221:0 @!@!@
  line 23, col 10 to line 24, col 36 of module FIFOChannel: 420
@!@!@ENDMSG 2221 @!@!@
@!@!@STARTMSG 2221:0 @!@!@
  line 22, col 17 to line 22, col 25 of module FIFOChannel: 210
@!@!@ENDMSG 2221 @!@!@
@!@!@STARTMSG 2202:0 @!@!@
End of statistics.
@!@!@ENDMSG 2202 @!@!@
@!@!@STARTMSG 2200:0 @!@!@
Progress(30) at 2023-11-09 22:46:41: 579 states generated (48.116 s/min), 219 distinct states found (18.199 ds/min), 13 states left on queue.
@!@!@ENDMSG 2200 @!@!@
@!@!@STARTMSG 2199:0 @!@!@
579 states generated, 219 distinct states found, 13 states left on queue.
@!@!@ENDMSG 2199 @!@!@
@!@!@STARTMSG 2194:0 @!@!@
The depth of the complete state graph search is 30.
@!@!@ENDMSG 2194 @!@!@
@!@!@STARTMSG 2268:0 @!@!@
The average outdegree of the complete state graph is 1 (minimum is 0, the maximum 2 and the 95th percentile is 2).
@!@!@ENDMSG 2268 @!@!@
@!@!@STARTMSG 2186:0 @!@!@
Finished in 728ms at (2023-11-09 22:46:41)
@!@!@ENDMSG 2186 @!@!@
